<?xml version="1.0" encoding="UTF-8"?>
<!-- Generated by org.testng.reporters.JUnitXMLReporter -->
<testsuite hostname="WKS60013" name="Test" tests="4" failures="0" timestamp="15 Jun 2019 07:19:13 GMT" time="0.032" errors="0">
  <testcase name="Login" time="0.011" classname="day2.SequenceAndPrioritize"/>
  <testcase name="Four" time="0.011" classname="day2.SequenceAndPrioritize"/>
  <testcase name="Registration" time="0.001" classname="day2.SequenceAndPrioritize"/>
  <testcase name="Three" time="0.003" classname="day2.SequenceAndPrioritize"/>
</testsuite> <!-- Test -->
